=== RUN   TestSimpleDone
--- PASS: TestSimpleDone (1.37s)
=== RUN   TestSimpleWaitDone
--- PASS: TestSimpleWaitDone (3.01s)
=== RUN   TestAddRequests
--- PASS: TestAddRequests (20.30s)
=== RUN   TestSimpleAddRequest
--- PASS: TestSimpleAddRequest (1.01s)
=== RUN   TestSimpleContainsRequest
--- PASS: TestSimpleContainsRequest (6.29s)
=== RUN   TestAddWithContainsRequest
--- PASS: TestAddWithContainsRequest (12.72s)
=== RUN   TestSimpleFeedRequest
--- PASS: TestSimpleFeedRequest (0.31s)
=== RUN   TestSimpleAddAndFeedRequest
--- PASS: TestSimpleAddAndFeedRequest (0.29s)
=== RUN   TestSimpleRemoveRequest
--- PASS: TestSimpleRemoveRequest (6.28s)
=== RUN   TestAllRequestsXtraSmall
--- PASS: TestAllRequestsXtraSmall (0.31s)
=== RUN   TestAllRequestsSmall
--- PASS: TestAllRequestsSmall (0.29s)
=== RUN   TestAllRequestsMedium
--- PASS: TestAllRequestsMedium (0.92s)
=== RUN   TestAllRequestsLarge
--- PASS: TestAllRequestsLarge (3.86s)
=== RUN   TestAllRequestsXtraLarge
--- PASS: TestAllRequestsXtraLarge (35.52s)
PASS
ok  	proj2/twitter	92.511s
